<?xml version="1.0" encoding="UTF-8"?>
<!-- Generated by org.testng.reporters.JUnitReportReporter -->
<testsuite skipped="0" hostname="New-PC" name="LoginTc" tests="1" failures="0" timestamp="2021-07-24T07:56:59 IST" time="0.016" errors="0">
  <testcase name="login" time="0.016" classname="LoginTc"/>
  <system-out/>
</testsuite> <!-- LoginTc -->
